% Sun Jul 15 20:59:54 2012

Starting Log

WARNING: Cannot file image for tanda(current): orchestra

WARNING: Cannot file image for song(current): song

Skipping song image. Cannot find file 
WARNING: Cannot file image for song(current): singer

Skipping singer image. Cannot find file 
WARNING: Cannot file image for song(current): label

Skipping label image. Cannot find file 
WARNING: Cannot file image for tanda(current): orchestra

WARNING: Cannot file image for song(current): song

Skipping song image. Cannot find file 
WARNING: Cannot file image for song(current): singer

Skipping singer image. Cannot find file 
WARNING: Cannot file image for song(current): label

Skipping label image. Cannot find file 
WARNING: Cannot file image for tanda(current): orchestra

WARNING: Cannot file image for song(current): song

Skipping song image. Cannot find file 
WARNING: Cannot file image for song(current): singer

Skipping singer image. Cannot find file 
WARNING: Cannot file image for song(current): label

Skipping label image. Cannot find file 
WARNING: Cannot file image for tanda(current): orchestra

WARNING: Cannot file image for song(current): song

Skipping song image. Cannot find file 
WARNING: Cannot file image for song(current): singer

Skipping singer image. Cannot find file 
WARNING: Cannot file image for song(current): label

Skipping label image. Cannot find file 
